{"message":"invalid bookmark","level":"error"}
{"message":"invalid bookmark","level":"error"}
{"message":"invalid bookmark","level":"error"}
{"message":"invalid bookmark","level":"error"}
{"message":"invalid bookmark","level":"error"}
{"message":"Unauthorized request to path: /bookmarks/","level":"error"}
{"message":"Unauthorized request to path: /bookmarks","level":"error"}
{"message":"Unauthorized request to path: /bookmarks","level":"error"}
{"message":"Unauthorized request to path: /bookmarks","level":"error"}
{"message":"Unauthorized request to path: /bookmarks","level":"error"}
{"message":"Unauthorized request to path: /bookmarks","level":"error"}
{"message":"Unauthorized request to path: /","level":"error"}
{"message":"No bookmark found with id 3","level":"error"}
{"message":"No bookmark found with id 3","level":"error"}
{"message":"No bookmark found with id 3","level":"error"}
{"message":"No bookmark found with id 3","level":"error"}
{"message":"No bookmark found with id 3","level":"error"}
{"message":"No bookmark found with id 3","level":"error"}
{"message":"No bookmark found with id 3","level":"error"}
{"message":"No bookmark found with id 3","level":"error"}
{"message":"No bookmark found with id 3","level":"error"}
{"message":"No bookmark found with id 3","level":"error"}
{"message":"No bookmark found with id 3","level":"error"}
{"message":"No bookmark found with id 3","level":"error"}
{"message":"No bookmark found with id 3","level":"error"}
{"message":"No bookmark found with id 3","level":"error"}
{"message":"No bookmark found with id 3","level":"error"}
{"message":"No bookmark found with id 3","level":"error"}
{"message":"No bookmark found with id 3","level":"error"}
{"message":"No bookmark found with id 3","level":"error"}
{"message":"No bookmark found with id 3","level":"error"}
{"message":"No bookmark found with id 3","level":"error"}
{"message":"No bookmark found with id 3","level":"error"}
{"message":"No bookmark found with id 3","level":"error"}
{"message":"No bookmark found with id 3","level":"error"}
{"message":"No bookmark found with id 3","level":"error"}
{"message":"No bookmark found with id 3","level":"error"}
{"message":"No valid keys provided on [object Object]","level":"error"}
{"message":"No valid keys provided on [object Object]","level":"error"}
{"message":"No valid keys provided on [object Object]","level":"error"}
{"message":"No valid keys provided on [object Object]","level":"error"}
{"message":"No valid keys provided on [object Object]","level":"error"}
{"message":"No valid keys provided on [object Object]","level":"error"}
